2023-06-25 15:21:51 Reading the dataset...
2023-06-25 15:21:51 Read the dataset successfully.
2023-06-25 15:21:51 Replaced all '?' with null values.
2023-06-25 15:21:51 Dropped columns 'TBG' and 'T3' due to high missing values.
2023-06-25 15:21:51 Converted continuous features to numeric type.
2023-06-25 15:21:51 Removed outliers from 'age' feature.
2023-06-25 15:21:51 Droped outliers from TSH feature.
2023-06-25 15:21:51 Encoded categorical features.
2023-06-25 15:21:52 Imputed missing values using KNNImputer in train and test.
2023-06-25 15:21:52 Created training, testing and validation dataset.
2023-06-25 15:21:52 saving the training data.....
2023-06-25 15:21:52 Successfully saved the training data.
2023-06-25 15:21:52 saving the testing data.....
2023-06-25 15:21:52 Successfully saved the testing data.
2023-06-25 15:21:52 Saving the validation data...
2023-06-25 15:21:52 Successfully saved the validation data.
2023-06-25 15:28:46 Reading the dataset...
2023-06-25 15:30:00 Reading the dataset...
2023-06-25 15:30:28 Reading the dataset...
2023-06-25 15:31:19 Reading the dataset...
2023-06-25 15:31:19 Read the dataset successfully.
2023-06-25 15:31:19 Replaced all '?' with null values.
2023-06-25 15:31:19 Dropped columns 'TBG' and 'T3' due to high missing values.
2023-06-25 15:31:19 Converted continuous features to numeric type.
2023-06-25 15:31:19 Removed outliers from 'age' feature.
2023-06-25 15:31:19 Droped outliers from TSH feature.
2023-06-25 15:31:19 Encoded categorical features.
2023-06-25 15:31:20 Imputed missing values using KNNImputer in train and test.
2023-06-25 15:31:20 Created training, testing and validation dataset.
2023-06-25 15:31:20 saving the training data.....
2023-06-25 15:31:20 Successfully saved the training data.
2023-06-25 15:31:20 saving the testing data.....
2023-06-25 15:31:20 Successfully saved the testing data.
2023-06-25 15:31:20 Saving the validation data...
2023-06-25 15:31:20 Successfully saved the validation data.
